#! /usr/bin/vvp
:ivl_version "10.3 (stable)";
:ivl_delay_selection "TYPICAL";
:vpi_time_precision + 0;
:vpi_module "system";
:vpi_module "vhdl_sys";
:vpi_module "v2005_math";
:vpi_module "va_math";
S_0x557222285b00 .scope module, "alu" "alu" 2 1;
 .timescale 0 0;
    .port_info 0 /INPUT 32 "a"
    .port_info 1 /INPUT 32 "b"
    .port_info 2 /INPUT 2 "ALUControl"
    .port_info 3 /OUTPUT 32 "Result"
    .port_info 4 /OUTPUT 4 "ALUFlags"
L_0x5572222629e0 .functor NOT 33, L_0x5572222b3d10, C4<000000000000000000000000000000000>, C4<000000000000000000000000000000000>, C4<000000000000000000000000000000000>;
L_0x7fd7829c9180 .functor BUFT 1, C4<0>, C4<0>, C4<0>, C4<0>;
L_0x55722224c7b0 .functor XNOR 1, L_0x5572222c4940, L_0x7fd7829c9180, C4<0>, C4<0>;
L_0x55722224ab20 .functor AND 1, L_0x55722224c7b0, L_0x5572222c4af0, C4<1>, C4<1>;
L_0x7fd7829c91c8 .functor BUFT 1, C4<0>, C4<0>, C4<0>, C4<0>;
L_0x5572222c49e0 .functor XNOR 1, L_0x5572222c4c80, L_0x7fd7829c91c8, C4<0>, C4<0>;
L_0x557222240af0 .functor XOR 1, L_0x5572222c4e20, L_0x5572222c4f10, C4<0>, C4<0>;
L_0x5572222860f0 .functor XOR 1, L_0x557222240af0, L_0x5572222c50e0, C4<0>, C4<0>;
L_0x5572222c5260 .functor NOT 1, L_0x5572222860f0, C4<0>, C4<0>, C4<0>;
L_0x5572222c5320 .functor AND 1, L_0x5572222c49e0, L_0x5572222c5260, C4<1>, C4<1>;
L_0x5572222c5660 .functor XOR 1, L_0x5572222c5480, L_0x5572222c55c0, C4<0>, C4<0>;
L_0x5572222c5770 .functor AND 1, L_0x5572222c5320, L_0x5572222c5660, C4<1>, C4<1>;
o0x7fd782a12018 .functor BUFZ 2, C4<zz>; HiZ drive
v0x55722227e290_0 .net "ALUControl", 1 0, o0x7fd782a12018;  0 drivers
v0x55722227e330_0 .net "ALUFlags", 3 0, L_0x5572222c58e0;  1 drivers
v0x55722227cbe0_0 .var "Result", 31 0;
v0x557222286490_0 .net *"_s0", 32 0, L_0x5572222b3b60;  1 drivers
v0x5572222871f0_0 .net *"_s10", 32 0, L_0x5572222629e0;  1 drivers
v0x5572222872f0_0 .net *"_s12", 32 0, L_0x5572222b3e80;  1 drivers
L_0x7fd7829c90a8 .functor BUFT 1, C4<0>, C4<0>, C4<0>, C4<0>;
v0x5572222391f0_0 .net *"_s15", 0 0, L_0x7fd7829c90a8;  1 drivers
v0x5572222a5a70_0 .net *"_s16", 32 0, L_0x5572222b3ff0;  1 drivers
v0x5572222a5b50_0 .net *"_s18", 32 0, L_0x5572222b41b0;  1 drivers
v0x5572222a5c30_0 .net *"_s21", 0 0, L_0x5572222b4330;  1 drivers
v0x5572222a5d10_0 .net *"_s22", 32 0, L_0x5572222b4420;  1 drivers
L_0x7fd7829c90f0 .functor BUFT 1, C4<00000000000000000000000000000000>, C4<0>, C4<0>, C4<0>;
v0x5572222a5df0_0 .net *"_s25", 31 0, L_0x7fd7829c90f0;  1 drivers
L_0x7fd7829c9018 .functor BUFT 1, C4<0>, C4<0>, C4<0>, C4<0>;
v0x5572222a5ed0_0 .net *"_s3", 0 0, L_0x7fd7829c9018;  1 drivers
L_0x7fd7829c9138 .functor BUFT 1, C4<00000000000000000000000000000000>, C4<0>, C4<0>, C4<0>;
v0x5572222a5fb0_0 .net/2u *"_s30", 31 0, L_0x7fd7829c9138;  1 drivers
v0x5572222a6090_0 .net *"_s35", 0 0, L_0x5572222c4940;  1 drivers
v0x5572222a6170_0 .net/2u *"_s36", 0 0, L_0x7fd7829c9180;  1 drivers
v0x5572222a6250_0 .net *"_s38", 0 0, L_0x55722224c7b0;  1 drivers
v0x5572222a6420_0 .net *"_s41", 0 0, L_0x5572222c4af0;  1 drivers
v0x5572222a6500_0 .net *"_s45", 0 0, L_0x5572222c4c80;  1 drivers
v0x5572222a65e0_0 .net/2u *"_s46", 0 0, L_0x7fd7829c91c8;  1 drivers
v0x5572222a66c0_0 .net *"_s48", 0 0, L_0x5572222c49e0;  1 drivers
v0x5572222a6780_0 .net *"_s5", 0 0, L_0x5572222b3c70;  1 drivers
v0x5572222a6860_0 .net *"_s51", 0 0, L_0x5572222c4e20;  1 drivers
v0x5572222a6940_0 .net *"_s53", 0 0, L_0x5572222c4f10;  1 drivers
v0x5572222a6a20_0 .net *"_s54", 0 0, L_0x557222240af0;  1 drivers
v0x5572222a6b00_0 .net *"_s57", 0 0, L_0x5572222c50e0;  1 drivers
v0x5572222a6be0_0 .net *"_s58", 0 0, L_0x5572222860f0;  1 drivers
v0x5572222a6cc0_0 .net *"_s6", 32 0, L_0x5572222b3d10;  1 drivers
v0x5572222a6da0_0 .net *"_s60", 0 0, L_0x5572222c5260;  1 drivers
v0x5572222a6e80_0 .net *"_s62", 0 0, L_0x5572222c5320;  1 drivers
v0x5572222a6f60_0 .net *"_s65", 0 0, L_0x5572222c5480;  1 drivers
v0x5572222a7040_0 .net *"_s67", 0 0, L_0x5572222c55c0;  1 drivers
v0x5572222a7120_0 .net *"_s68", 0 0, L_0x5572222c5660;  1 drivers
L_0x7fd7829c9060 .functor BUFT 1, C4<0>, C4<0>, C4<0>, C4<0>;
v0x5572222a7410_0 .net *"_s9", 0 0, L_0x7fd7829c9060;  1 drivers
o0x7fd782a12678 .functor BUFZ 32, C4<zzzzzzzzzzzzzzzzzzzzzzzzzzzzzzzz>; HiZ drive
v0x5572222a74f0_0 .net "a", 31 0, o0x7fd782a12678;  0 drivers
o0x7fd782a126a8 .functor BUFZ 32, C4<zzzzzzzzzzzzzzzzzzzzzzzzzzzzzzzz>; HiZ drive
v0x5572222a75d0_0 .net "b", 31 0, o0x7fd782a126a8;  0 drivers
v0x5572222a76b0_0 .net "carry", 0 0, L_0x55722224ab20;  1 drivers
v0x5572222a7770_0 .net "negative", 0 0, L_0x5572222c4700;  1 drivers
v0x5572222a7830_0 .net "overflow", 0 0, L_0x5572222c5770;  1 drivers
v0x5572222a78f0_0 .net "sum", 32 0, L_0x5572222c45c0;  1 drivers
v0x5572222a79d0_0 .net "zero", 0 0, L_0x5572222c4800;  1 drivers
E_0x55722222f3f0 .event edge, v0x55722227e290_0, v0x5572222a78f0_0, v0x5572222a74f0_0, v0x5572222a75d0_0;
L_0x5572222b3b60 .concat [ 32 1 0 0], o0x7fd782a12678, L_0x7fd7829c9018;
L_0x5572222b3c70 .part o0x7fd782a12018, 0, 1;
L_0x5572222b3d10 .concat [ 32 1 0 0], o0x7fd782a126a8, L_0x7fd7829c9060;
L_0x5572222b3e80 .concat [ 32 1 0 0], o0x7fd782a126a8, L_0x7fd7829c90a8;
L_0x5572222b3ff0 .functor MUXZ 33, L_0x5572222b3e80, L_0x5572222629e0, L_0x5572222b3c70, C4<>;
L_0x5572222b41b0 .arith/sum 33, L_0x5572222b3b60, L_0x5572222b3ff0;
L_0x5572222b4330 .part o0x7fd782a12018, 0, 1;
L_0x5572222b4420 .concat [ 1 32 0 0], L_0x5572222b4330, L_0x7fd7829c90f0;
L_0x5572222c45c0 .arith/sum 33, L_0x5572222b41b0, L_0x5572222b4420;
L_0x5572222c4700 .part v0x55722227cbe0_0, 31, 1;
L_0x5572222c4800 .cmp/eq 32, v0x55722227cbe0_0, L_0x7fd7829c9138;
L_0x5572222c4940 .part o0x7fd782a12018, 1, 1;
L_0x5572222c4af0 .part L_0x5572222c45c0, 32, 1;
L_0x5572222c4c80 .part o0x7fd782a12018, 1, 1;
L_0x5572222c4e20 .part o0x7fd782a12678, 31, 1;
L_0x5572222c4f10 .part o0x7fd782a126a8, 31, 1;
L_0x5572222c50e0 .part o0x7fd782a12018, 0, 1;
L_0x5572222c5480 .part o0x7fd782a12678, 31, 1;
L_0x5572222c55c0 .part L_0x5572222c45c0, 31, 1;
L_0x5572222c58e0 .concat [ 1 1 1 1], L_0x5572222c5770, L_0x55722224ab20, L_0x5572222c4800, L_0x5572222c4700;
S_0x55722228c0d0 .scope module, "mux3" "mux3" 3 75;
 .timescale 0 0;
    .port_info 0 /INPUT 8 "d0"
    .port_info 1 /INPUT 8 "d1"
    .port_info 2 /INPUT 8 "d2"
    .port_info 3 /INPUT 2 "s"
    .port_info 4 /OUTPUT 8 "y"
P_0x5572222851c0 .param/l "WIDTH" 0 3 82, +C4<00000000000000000000000000001000>;
v0x5572222a7b30_0 .net *"_s1", 0 0, L_0x5572222c5520;  1 drivers
v0x5572222a7c30_0 .net *"_s3", 0 0, L_0x5572222c5b20;  1 drivers
v0x5572222a7d10_0 .net *"_s4", 7 0, L_0x5572222c5c10;  1 drivers
o0x7fd782a12948 .functor BUFZ 8, C4<zzzzzzzz>; HiZ drive
v0x5572222a7dd0_0 .net "d0", 7 0, o0x7fd782a12948;  0 drivers
o0x7fd782a12978 .functor BUFZ 8, C4<zzzzzzzz>; HiZ drive
v0x5572222a7eb0_0 .net "d1", 7 0, o0x7fd782a12978;  0 drivers
o0x7fd782a129a8 .functor BUFZ 8, C4<zzzzzzzz>; HiZ drive
v0x5572222a7f90_0 .net "d2", 7 0, o0x7fd782a129a8;  0 drivers
o0x7fd782a129d8 .functor BUFZ 2, C4<zz>; HiZ drive
v0x5572222a8070_0 .net "s", 1 0, o0x7fd782a129d8;  0 drivers
v0x5572222a8150_0 .net "y", 7 0, L_0x5572222c5d00;  1 drivers
L_0x5572222c5520 .part o0x7fd782a129d8, 1, 1;
L_0x5572222c5b20 .part o0x7fd782a129d8, 0, 1;
L_0x5572222c5c10 .functor MUXZ 8, o0x7fd782a12948, o0x7fd782a12978, L_0x5572222c5b20, C4<>;
L_0x5572222c5d00 .functor MUXZ 8, L_0x5572222c5c10, o0x7fd782a129a8, L_0x5572222c5520, C4<>;
S_0x557222221440 .scope module, "top" "top" 4 1;
 .timescale 0 0;
    .port_info 0 /INPUT 1 "clk"
    .port_info 1 /INPUT 1 "reset"
    .port_info 2 /OUTPUT 32 "WriteData"
    .port_info 3 /OUTPUT 32 "Adr"
    .port_info 4 /OUTPUT 1 "MemWrite"
o0x7fd782a143e8 .functor BUFZ 32, C4<zzzzzzzzzzzzzzzzzzzzzzzzzzzzzzzz>; HiZ drive
v0x5572222b36a0_0 .net "Adr", 31 0, o0x7fd782a143e8;  0 drivers
v0x5572222b3780_0 .net "MemWrite", 0 0, L_0x5572222c8060;  1 drivers
v0x5572222b3840_0 .net "ReadData", 31 0, L_0x5572222c8650;  1 drivers
o0x7fd782a14478 .functor BUFZ 32, C4<zzzzzzzzzzzzzzzzzzzzzzzzzzzzzzzz>; HiZ drive
v0x5572222b38e0_0 .net "WriteData", 31 0, o0x7fd782a14478;  0 drivers
o0x7fd782a12d68 .functor BUFZ 1, C4<z>; HiZ drive
v0x5572222b3980_0 .net "clk", 0 0, o0x7fd782a12d68;  0 drivers
o0x7fd782a12e28 .functor BUFZ 1, C4<z>; HiZ drive
v0x5572222b3a20_0 .net "reset", 0 0, o0x7fd782a12e28;  0 drivers
S_0x5572222a82d0 .scope module, "arm" "arm" 4 17, 5 1 0, S_0x557222221440;
 .timescale 0 0;
    .port_info 0 /INPUT 1 "clk"
    .port_info 1 /INPUT 1 "reset"
    .port_info 2 /OUTPUT 1 "MemWrite"
    .port_info 3 /OUTPUT 32 "Adr"
    .port_info 4 /OUTPUT 32 "WriteData"
    .port_info 5 /INPUT 32 "ReadData"
v0x5572222b1b10_0 .net "ALUControl", 1 0, v0x5572222adb80_0;  1 drivers
o0x7fd782a131e8 .functor BUFZ 4, C4<zzzz>; HiZ drive
v0x5572222b1bf0_0 .net "ALUFlags", 3 0, o0x7fd782a131e8;  0 drivers
v0x5572222b1cb0_0 .net "ALUSrcA", 1 0, L_0x5572222c64b0;  1 drivers
v0x5572222b1d50_0 .net "ALUSrcB", 1 0, L_0x5572222c66b0;  1 drivers
v0x5572222b1ea0_0 .net "Adr", 31 0, o0x7fd782a143e8;  alias, 0 drivers
v0x5572222b1f60_0 .net "AdrSrc", 0 0, L_0x5572222c6330;  1 drivers
v0x5572222b2090_0 .net "IRWrite", 0 0, L_0x5572222c6290;  1 drivers
v0x5572222b21c0_0 .net "ImmSrc", 1 0, L_0x5572222c6a40;  1 drivers
o0x7fd782a14418 .functor BUFZ 32, C4<zzzzzzzzzzzzzzzzzzzzzzzzzzzzzzzz>; HiZ drive
v0x5572222b2260_0 .net "Instr", 31 0, o0x7fd782a14418;  0 drivers
v0x5572222b2390_0 .net "MemWrite", 0 0, L_0x5572222c8060;  alias, 1 drivers
o0x7fd782a13338 .functor BUFZ 1, C4<z>; HiZ drive
v0x5572222b2430_0 .net "PCWrite", 0 0, o0x7fd782a13338;  0 drivers
v0x5572222b24d0_0 .net "ReadData", 31 0, L_0x5572222c8650;  alias, 1 drivers
v0x5572222b2570_0 .net "RegSrc", 1 0, L_0x5572222c6be0;  1 drivers
v0x5572222b2610_0 .net "RegWrite", 0 0, L_0x5572222c7f60;  1 drivers
v0x5572222b26b0_0 .net "ResultSrc", 1 0, L_0x5572222c6410;  1 drivers
v0x5572222b27e0_0 .net "WriteData", 31 0, o0x7fd782a14478;  alias, 0 drivers
v0x5572222b28a0_0 .net "clk", 0 0, o0x7fd782a12d68;  alias, 0 drivers
v0x5572222b2b60_0 .net "reset", 0 0, o0x7fd782a12e28;  alias, 0 drivers
L_0x5572222c83e0 .part o0x7fd782a14418, 12, 20;
S_0x5572222a8560 .scope module, "c" "controller" 5 27, 6 1 0, S_0x5572222a82d0;
 .timescale 0 0;
    .port_info 0 /INPUT 1 "clk"
    .port_info 1 /INPUT 1 "reset"
    .port_info 2 /INPUT 20 "Instr"
    .port_info 3 /INPUT 4 "ALUFlags"
    .port_info 4 /OUTPUT 1 "PCWrite"
    .port_info 5 /OUTPUT 1 "MemWrite"
    .port_info 6 /OUTPUT 1 "RegWrite"
    .port_info 7 /OUTPUT 1 "IRWrite"
    .port_info 8 /OUTPUT 1 "AdrSrc"
    .port_info 9 /OUTPUT 2 "RegSrc"
    .port_info 10 /OUTPUT 2 "ALUSrcA"
    .port_info 11 /OUTPUT 2 "ALUSrcB"
    .port_info 12 /OUTPUT 2 "ResultSrc"
    .port_info 13 /OUTPUT 2 "ImmSrc"
    .port_info 14 /OUTPUT 2 "ALUControl"
v0x5572222abb20_0 .net "ALUControl", 1 0, v0x5572222adb80_0;  alias, 1 drivers
v0x5572222af400_0 .net "ALUFlags", 3 0, o0x7fd782a131e8;  alias, 0 drivers
v0x5572222af4d0_0 .net "ALUSrcA", 1 0, L_0x5572222c64b0;  alias, 1 drivers
v0x5572222af5f0_0 .net "ALUSrcB", 1 0, L_0x5572222c66b0;  alias, 1 drivers
v0x5572222af6e0_0 .net "AdrSrc", 0 0, L_0x5572222c6330;  alias, 1 drivers
v0x5572222af820_0 .net "FlagW", 1 0, v0x5572222ae0b0_0;  1 drivers
v0x5572222af930_0 .net "IRWrite", 0 0, L_0x5572222c6290;  alias, 1 drivers
v0x5572222afa20_0 .net "ImmSrc", 1 0, L_0x5572222c6a40;  alias, 1 drivers
v0x5572222afae0_0 .net "Instr", 31 12, L_0x5572222c83e0;  1 drivers
v0x5572222afba0_0 .net "MemW", 0 0, L_0x5572222c6000;  1 drivers
v0x5572222afc40_0 .net "MemWrite", 0 0, L_0x5572222c8060;  alias, 1 drivers
v0x5572222afce0_0 .net "NextPC", 0 0, L_0x5572222c5e70;  1 drivers
v0x5572222afd80_0 .net "PCS", 0 0, L_0x5572222c69d0;  1 drivers
v0x5572222afe20_0 .net "PCWrite", 0 0, o0x7fd782a13338;  alias, 0 drivers
v0x5572222afec0_0 .net "RegSrc", 1 0, L_0x5572222c6be0;  alias, 1 drivers
v0x5572222aff60_0 .net "RegW", 0 0, L_0x5572222c60a0;  1 drivers
v0x5572222b0000_0 .net "RegWrite", 0 0, L_0x5572222c7f60;  alias, 1 drivers
v0x5572222b01b0_0 .net "ResultSrc", 1 0, L_0x5572222c6410;  alias, 1 drivers
v0x5572222b02a0_0 .net "clk", 0 0, o0x7fd782a12d68;  alias, 0 drivers
v0x5572222b0340_0 .net "reset", 0 0, o0x7fd782a12e28;  alias, 0 drivers
L_0x5572222c6ec0 .part L_0x5572222c83e0, 14, 2;
L_0x5572222c6f60 .part L_0x5572222c83e0, 8, 6;
L_0x5572222c70a0 .part L_0x5572222c83e0, 0, 4;
L_0x5572222c8310 .part L_0x5572222c83e0, 16, 4;
S_0x5572222a8750 .scope module, "cl" "condlogic" 6 58, 5 171 0, S_0x5572222a8560;
 .timescale 0 0;
    .port_info 0 /INPUT 1 "clk"
    .port_info 1 /INPUT 1 "reset"
    .port_info 2 /INPUT 4 "Cond"
    .port_info 3 /INPUT 4 "ALUFlags"
    .port_info 4 /INPUT 2 "FlagW"
    .port_info 5 /INPUT 1 "PCS"
    .port_info 6 /INPUT 1 "NextPC"
    .port_info 7 /INPUT 1 "RegW"
    .port_info 8 /INPUT 1 "MemW"
    .port_info 9 /OUTPUT 1 "PCWrite"
    .port_info 10 /OUTPUT 1 "RegWrite"
    .port_info 11 /OUTPUT 1 "MemWrite"
L_0x5572222c7280 .functor AND 2, v0x5572222ae0b0_0, L_0x5572222c7190, C4<11>, C4<11>;
L_0x5572222c7dd0 .functor AND 2, v0x5572222ae0b0_0, L_0x5572222c7ca0, C4<11>, C4<11>;
L_0x5572222c7f60 .functor AND 1, L_0x5572222c60a0, v0x5572222a8e30_0, C4<1>, C4<1>;
L_0x5572222c8060 .functor AND 1, L_0x5572222c6000, v0x5572222a8e30_0, C4<1>, C4<1>;
L_0x5572222c8100 .functor AND 1, L_0x5572222c69d0, v0x5572222a8e30_0, C4<1>, C4<1>;
v0x5572222aaa00_0 .net "ALUFlags", 3 0, o0x7fd782a131e8;  alias, 0 drivers
v0x5572222aab00_0 .net "Cond", 3 0, L_0x5572222c8310;  1 drivers
v0x5572222aabc0_0 .net "CondEx", 0 0, v0x5572222a8e30_0;  1 drivers
v0x5572222aacc0_0 .net "FlagW", 1 0, v0x5572222ae0b0_0;  alias, 1 drivers
RS_0x7fd782a130f8 .resolv tri, v0x5572222aa7d0_0, L_0x5572222c7dd0;
v0x5572222aad60_0 .net8 "FlagWrite", 1 0, RS_0x7fd782a130f8;  2 drivers
v0x5572222aae50_0 .net "Flags", 3 0, L_0x5572222c76d0;  1 drivers
v0x5572222aaf20_0 .net "MemW", 0 0, L_0x5572222c6000;  alias, 1 drivers
v0x5572222aafc0_0 .net "MemWrite", 0 0, L_0x5572222c8060;  alias, 1 drivers
v0x5572222ab080_0 .net "NextPC", 0 0, L_0x5572222c5e70;  alias, 1 drivers
v0x5572222ab140_0 .net "PCS", 0 0, L_0x5572222c69d0;  alias, 1 drivers
v0x5572222ab200_0 .net "PCSrc", 0 0, L_0x5572222c8100;  1 drivers
v0x5572222ab2c0_0 .net "PCWrite", 0 0, o0x7fd782a13338;  alias, 0 drivers
v0x5572222ab380_0 .net "RegW", 0 0, L_0x5572222c60a0;  alias, 1 drivers
v0x5572222ab440_0 .net "RegWrite", 0 0, L_0x5572222c7f60;  alias, 1 drivers
v0x5572222ab500_0 .net *"_s0", 1 0, L_0x5572222c7190;  1 drivers
v0x5572222ab5e0_0 .net *"_s17", 1 0, L_0x5572222c7ca0;  1 drivers
v0x5572222ab6c0_0 .net "clk", 0 0, o0x7fd782a12d68;  alias, 0 drivers
v0x5572222ab760_0 .net "reset", 0 0, o0x7fd782a12e28;  alias, 0 drivers
L_0x5572222c7190 .concat [ 1 1 0 0], v0x5572222a8e30_0, v0x5572222a8e30_0;
L_0x5572222c7340 .part RS_0x7fd782a130f8, 1, 1;
L_0x5572222c7430 .part o0x7fd782a131e8, 2, 2;
L_0x5572222c7560 .part RS_0x7fd782a130f8, 0, 1;
L_0x5572222c7630 .part o0x7fd782a131e8, 0, 2;
L_0x5572222c76d0 .concat8 [ 2 2 0 0], v0x5572222a99c0_0, v0x5572222aa0c0_0;
L_0x5572222c7ca0 .concat [ 1 1 0 0], v0x5572222a8e30_0, v0x5572222a8e30_0;
S_0x5572222a8a70 .scope module, "cc" "condcheck" 5 227, 5 239 0, S_0x5572222a8750;
 .timescale 0 0;
    .port_info 0 /INPUT 4 "Cond"
    .port_info 1 /INPUT 4 "Flags"
    .port_info 2 /OUTPUT 1 "CondEx"
L_0x5572222c7b40 .functor BUFZ 4, L_0x5572222c76d0, C4<0000>, C4<0000>, C4<0000>;
L_0x5572222c7bb0 .functor XNOR 1, L_0x5572222c77b0, L_0x5572222c79e0, C4<0>, C4<0>;
v0x5572222a8d30_0 .net "Cond", 3 0, L_0x5572222c8310;  alias, 1 drivers
v0x5572222a8e30_0 .var "CondEx", 0 0;
v0x5572222a8ef0_0 .net "Flags", 3 0, L_0x5572222c76d0;  alias, 1 drivers
v0x5572222a8fb0_0 .net *"_s6", 3 0, L_0x5572222c7b40;  1 drivers
v0x5572222a9090_0 .net "carry", 0 0, L_0x5572222c7940;  1 drivers
v0x5572222a91a0_0 .net "ge", 0 0, L_0x5572222c7bb0;  1 drivers
v0x5572222a9260_0 .net "neg", 0 0, L_0x5572222c77b0;  1 drivers
v0x5572222a9320_0 .net "overflow", 0 0, L_0x5572222c79e0;  1 drivers
v0x5572222a93e0_0 .net "zero", 0 0, L_0x5572222c7850;  1 drivers
E_0x55722222f190/0 .event edge, v0x5572222a8d30_0, v0x5572222a93e0_0, v0x5572222a9090_0, v0x5572222a9260_0;
E_0x55722222f190/1 .event edge, v0x5572222a9320_0, v0x5572222a91a0_0;
E_0x55722222f190 .event/or E_0x55722222f190/0, E_0x55722222f190/1;
L_0x5572222c77b0 .part L_0x5572222c7b40, 3, 1;
L_0x5572222c7850 .part L_0x5572222c7b40, 2, 1;
L_0x5572222c7940 .part L_0x5572222c7b40, 1, 1;
L_0x5572222c79e0 .part L_0x5572222c7b40, 0, 1;
S_0x5572222a9520 .scope module, "flagreg0" "flopenr" 5 220, 5 280 0, S_0x5572222a8750;
 .timescale 0 0;
    .port_info 0 /INPUT 1 "clk"
    .port_info 1 /INPUT 1 "reset"
    .port_info 2 /INPUT 1 "en"
    .port_info 3 /INPUT 2 "d"
    .port_info 4 /OUTPUT 2 "q"
P_0x5572222a96a0 .param/l "WIDTH" 0 5 287, +C4<00000000000000000000000000000010>;
v0x5572222a9760_0 .net "clk", 0 0, o0x7fd782a12d68;  alias, 0 drivers
v0x5572222a9840_0 .net "d", 1 0, L_0x5572222c7630;  1 drivers
v0x5572222a9920_0 .net "en", 0 0, L_0x5572222c7560;  1 drivers
v0x5572222a99c0_0 .var "q", 1 0;
v0x5572222a9aa0_0 .net "reset", 0 0, o0x7fd782a12e28;  alias, 0 drivers
E_0x5572221f7b10 .event posedge, v0x5572222a9aa0_0, v0x5572222a9760_0;
S_0x5572222a9c50 .scope module, "flagreg1" "flopenr" 5 213, 5 280 0, S_0x5572222a8750;
 .timescale 0 0;
    .port_info 0 /INPUT 1 "clk"
    .port_info 1 /INPUT 1 "reset"
    .port_info 2 /INPUT 1 "en"
    .port_info 3 /INPUT 2 "d"
    .port_info 4 /OUTPUT 2 "q"
P_0x5572222a9e20 .param/l "WIDTH" 0 5 287, +C4<00000000000000000000000000000010>;
v0x5572222a9ec0_0 .net "clk", 0 0, o0x7fd782a12d68;  alias, 0 drivers
v0x5572222a9f60_0 .net "d", 1 0, L_0x5572222c7430;  1 drivers
v0x5572222aa020_0 .net "en", 0 0, L_0x5572222c7340;  1 drivers
v0x5572222aa0c0_0 .var "q", 1 0;
v0x5572222aa1a0_0 .net "reset", 0 0, o0x7fd782a12e28;  alias, 0 drivers
S_0x5572222aa340 .scope module, "flagwritereg" "flopr" 5 203, 5 300 0, S_0x5572222a8750;
 .timescale 0 0;
    .port_info 0 /INPUT 1 "clk"
    .port_info 1 /INPUT 1 "reset"
    .port_info 2 /INPUT 2 "d"
    .port_info 3 /OUTPUT 2 "q"
P_0x5572222aa510 .param/l "WIDTH" 0 5 306, +C4<00000000000000000000000000000010>;
v0x5572222aa5e0_0 .net "clk", 0 0, o0x7fd782a12d68;  alias, 0 drivers
v0x5572222aa6f0_0 .net "d", 1 0, L_0x5572222c7280;  1 drivers
v0x5572222aa7d0_0 .var "q", 1 0;
v0x5572222aa890_0 .net "reset", 0 0, o0x7fd782a12e28;  alias, 0 drivers
S_0x5572222ab980 .scope module, "dec" "decode" 6 38, 5 67 0, S_0x5572222a8560;
 .timescale 0 0;
    .port_info 0 /INPUT 1 "clk"
    .port_info 1 /INPUT 1 "reset"
    .port_info 2 /INPUT 2 "Op"
    .port_info 3 /INPUT 6 "Funct"
    .port_info 4 /INPUT 4 "Rd"
    .port_info 5 /OUTPUT 2 "FlagW"
    .port_info 6 /OUTPUT 1 "PCS"
    .port_info 7 /OUTPUT 1 "NextPC"
    .port_info 8 /OUTPUT 1 "RegW"
    .port_info 9 /OUTPUT 1 "MemW"
    .port_info 10 /OUTPUT 1 "IRWrite"
    .port_info 11 /OUTPUT 1 "AdrSrc"
    .port_info 12 /OUTPUT 2 "ResultSrc"
    .port_info 13 /OUTPUT 2 "ALUSrcA"
    .port_info 14 /OUTPUT 2 "ALUSrcB"
    .port_info 15 /OUTPUT 2 "ImmSrc"
    .port_info 16 /OUTPUT 2 "RegSrc"
    .port_info 17 /OUTPUT 2 "ALUControl"
L_0x5572222c6960 .functor AND 1, L_0x5572222c68c0, L_0x5572222c60a0, C4<1>, C4<1>;
L_0x5572222c69d0 .functor OR 1, L_0x5572222c6960, L_0x5572222c5f10, C4<0>, C4<0>;
L_0x5572222c6a40 .functor BUFZ 2, L_0x5572222c6ec0, C4<00>, C4<00>, C4<00>;
v0x5572222adb80_0 .var "ALUControl", 1 0;
v0x5572222adc80_0 .net "ALUOp", 0 0, L_0x5572222c6750;  1 drivers
v0x5572222add70_0 .net "ALUSrcA", 1 0, L_0x5572222c64b0;  alias, 1 drivers
v0x5572222ade70_0 .net "ALUSrcB", 1 0, L_0x5572222c66b0;  alias, 1 drivers
v0x5572222adf40_0 .net "AdrSrc", 0 0, L_0x5572222c6330;  alias, 1 drivers
v0x5572222adfe0_0 .net "Branch", 0 0, L_0x5572222c5f10;  1 drivers
v0x5572222ae0b0_0 .var "FlagW", 1 0;
v0x5572222ae180_0 .net "Funct", 5 0, L_0x5572222c6f60;  1 drivers
v0x5572222ae250_0 .net "IRWrite", 0 0, L_0x5572222c6290;  alias, 1 drivers
v0x5572222ae320_0 .net "ImmSrc", 1 0, L_0x5572222c6a40;  alias, 1 drivers
v0x5572222ae3c0_0 .net "MemW", 0 0, L_0x5572222c6000;  alias, 1 drivers
v0x5572222ae460_0 .net "NextPC", 0 0, L_0x5572222c5e70;  alias, 1 drivers
v0x5572222ae500_0 .net "Op", 1 0, L_0x5572222c6ec0;  1 drivers
v0x5572222ae5a0_0 .net "PCS", 0 0, L_0x5572222c69d0;  alias, 1 drivers
v0x5572222ae640_0 .net "Rd", 3 0, L_0x5572222c70a0;  1 drivers
v0x5572222ae6e0_0 .net "RegSrc", 1 0, L_0x5572222c6be0;  alias, 1 drivers
v0x5572222ae780_0 .net "RegW", 0 0, L_0x5572222c60a0;  alias, 1 drivers
v0x5572222ae930_0 .net "ResultSrc", 1 0, L_0x5572222c6410;  alias, 1 drivers
L_0x7fd7829c9210 .functor BUFT 1, C4<1111>, C4<0>, C4<0>, C4<0>;
v0x5572222ae9d0_0 .net/2u *"_s0", 3 0, L_0x7fd7829c9210;  1 drivers
L_0x7fd7829c9258 .functor BUFT 1, C4<10>, C4<0>, C4<0>, C4<0>;
v0x5572222aea90_0 .net/2u *"_s12", 1 0, L_0x7fd7829c9258;  1 drivers
v0x5572222aeb70_0 .net *"_s14", 0 0, L_0x5572222c6b40;  1 drivers
L_0x7fd7829c92a0 .functor BUFT 1, C4<01>, C4<0>, C4<0>, C4<0>;
v0x5572222aec30_0 .net/2u *"_s19", 1 0, L_0x7fd7829c92a0;  1 drivers
v0x5572222aed10_0 .net *"_s2", 0 0, L_0x5572222c68c0;  1 drivers
v0x5572222aedd0_0 .net *"_s21", 0 0, L_0x5572222c6d10;  1 drivers
v0x5572222aee90_0 .net *"_s4", 0 0, L_0x5572222c6960;  1 drivers
v0x5572222aef70_0 .net "clk", 0 0, o0x7fd782a12d68;  alias, 0 drivers
v0x5572222af010_0 .net "reset", 0 0, o0x7fd782a12e28;  alias, 0 drivers
E_0x55722228ed20 .event edge, v0x5572222ac9b0_0, v0x5572222ace30_0, v0x5572222adb80_0;
L_0x5572222c68c0 .cmp/eq 4, L_0x5572222c70a0, L_0x7fd7829c9210;
L_0x5572222c6b40 .cmp/eq 2, L_0x5572222c6ec0, L_0x7fd7829c9258;
L_0x5572222c6be0 .concat8 [ 1 1 0 0], L_0x5572222c6b40, L_0x5572222c6d10;
L_0x5572222c6d10 .cmp/eq 2, L_0x5572222c6ec0, L_0x7fd7829c92a0;
S_0x5572222abda0 .scope module, "fsm" "mainfsm" 5 109, 7 1 0, S_0x5572222ab980;
 .timescale 0 0;
    .port_info 0 /INPUT 1 "clk"
    .port_info 1 /INPUT 1 "reset"
    .port_info 2 /INPUT 2 "Op"
    .port_info 3 /INPUT 6 "Funct"
    .port_info 4 /OUTPUT 1 "IRWrite"
    .port_info 5 /OUTPUT 1 "AdrSrc"
    .port_info 6 /OUTPUT 2 "ALUSrcA"
    .port_info 7 /OUTPUT 2 "ALUSrcB"
    .port_info 8 /OUTPUT 2 "ResultSrc"
    .port_info 9 /OUTPUT 1 "NextPC"
    .port_info 10 /OUTPUT 1 "RegW"
    .port_info 11 /OUTPUT 1 "MemW"
    .port_info 12 /OUTPUT 1 "Branch"
    .port_info 13 /OUTPUT 1 "ALUOp"
P_0x5572222abf90 .param/l "ALUWB" 1 7 42, C4<1000>;
P_0x5572222abfd0 .param/l "BRANCH" 1 7 43, C4<1001>;
P_0x5572222ac010 .param/l "DECODE" 1 7 35, C4<0001>;
P_0x5572222ac050 .param/l "EXECUTEI" 1 7 41, C4<0111>;
P_0x5572222ac090 .param/l "EXECUTER" 1 7 40, C4<0110>;
P_0x5572222ac0d0 .param/l "FETCH" 1 7 34, C4<0000>;
P_0x5572222ac110 .param/l "MEMADR" 1 7 36, C4<0010>;
P_0x5572222ac150 .param/l "MEMRD" 1 7 37, C4<0011>;
P_0x5572222ac190 .param/l "MEMWB" 1 7 38, C4<0100>;
P_0x5572222ac1d0 .param/l "MEMWR" 1 7 39, C4<0101>;
P_0x5572222ac210 .param/l "UNKNOWN" 1 7 44, C4<1010>;
v0x5572222ac9b0_0 .net "ALUOp", 0 0, L_0x5572222c6750;  alias, 1 drivers
v0x5572222aca90_0 .net "ALUSrcA", 1 0, L_0x5572222c64b0;  alias, 1 drivers
v0x5572222acb70_0 .net "ALUSrcB", 1 0, L_0x5572222c66b0;  alias, 1 drivers
v0x5572222acc60_0 .net "AdrSrc", 0 0, L_0x5572222c6330;  alias, 1 drivers
v0x5572222acd20_0 .net "Branch", 0 0, L_0x5572222c5f10;  alias, 1 drivers
v0x5572222ace30_0 .net "Funct", 5 0, L_0x5572222c6f60;  alias, 1 drivers
v0x5572222acf10_0 .net "IRWrite", 0 0, L_0x5572222c6290;  alias, 1 drivers
v0x5572222acfd0_0 .net "MemW", 0 0, L_0x5572222c6000;  alias, 1 drivers
v0x5572222ad070_0 .net "NextPC", 0 0, L_0x5572222c5e70;  alias, 1 drivers
v0x5572222ad140_0 .net "Op", 1 0, L_0x5572222c6ec0;  alias, 1 drivers
v0x5572222ad1e0_0 .net "RegW", 0 0, L_0x5572222c60a0;  alias, 1 drivers
v0x5572222ad2b0_0 .net "ResultSrc", 1 0, L_0x5572222c6410;  alias, 1 drivers
v0x5572222ad370_0 .net *"_s12", 12 0, v0x5572222ad4f0_0;  1 drivers
v0x5572222ad450_0 .net "clk", 0 0, o0x7fd782a12d68;  alias, 0 drivers
v0x5572222ad4f0_0 .var "controls", 12 0;
v0x5572222ad5d0_0 .var "nextstate", 3 0;
v0x5572222ad6b0_0 .net "reset", 0 0, o0x7fd782a12e28;  alias, 0 drivers
v0x5572222ad860_0 .var "state", 3 0;
E_0x55722228f130 .event edge, v0x5572222ad860_0;
E_0x5572222ac950 .event edge, v0x5572222ad860_0, v0x5572222ad140_0, v0x5572222ace30_0;
L_0x5572222c5e70 .part v0x5572222ad4f0_0, 12, 1;
L_0x5572222c5f10 .part v0x5572222ad4f0_0, 11, 1;
L_0x5572222c6000 .part v0x5572222ad4f0_0, 10, 1;
L_0x5572222c60a0 .part v0x5572222ad4f0_0, 9, 1;
L_0x5572222c6290 .part v0x5572222ad4f0_0, 8, 1;
L_0x5572222c6330 .part v0x5572222ad4f0_0, 7, 1;
L_0x5572222c6410 .part v0x5572222ad4f0_0, 5, 2;
L_0x5572222c64b0 .part v0x5572222ad4f0_0, 3, 2;
L_0x5572222c66b0 .part v0x5572222ad4f0_0, 1, 2;
L_0x5572222c6750 .part v0x5572222ad4f0_0, 0, 1;
S_0x5572222b0580 .scope module, "dp" "datapath" 5 44, 3 8 0, S_0x5572222a82d0;
 .timescale 0 0;
    .port_info 0 /INPUT 1 "clk"
    .port_info 1 /INPUT 1 "reset"
    .port_info 2 /OUTPUT 32 "Adr"
    .port_info 3 /OUTPUT 32 "WriteData"
    .port_info 4 /INPUT 32 "ReadData"
    .port_info 5 /OUTPUT 32 "Instr"
    .port_info 6 /OUTPUT 4 "ALUFlags"
    .port_info 7 /INPUT 1 "PCWrite"
    .port_info 8 /INPUT 1 "RegWrite"
    .port_info 9 /INPUT 1 "IRWrite"
    .port_info 10 /INPUT 1 "AdrSrc"
    .port_info 11 /INPUT 2 "RegSrc"
    .port_info 12 /INPUT 2 "ALUSrcA"
    .port_info 13 /INPUT 2 "ALUSrcB"
    .port_info 14 /INPUT 2 "ResultSrc"
    .port_info 15 /INPUT 2 "ImmSrc"
    .port_info 16 /INPUT 2 "ALUControl"
v0x5572222b0910_0 .net "ALUControl", 1 0, v0x5572222adb80_0;  alias, 1 drivers
v0x5572222b0a20_0 .net "ALUFlags", 3 0, o0x7fd782a131e8;  alias, 0 drivers
v0x5572222b0b30_0 .net "ALUSrcA", 1 0, L_0x5572222c64b0;  alias, 1 drivers
v0x5572222b0bd0_0 .net "ALUSrcB", 1 0, L_0x5572222c66b0;  alias, 1 drivers
v0x5572222b0c90_0 .net "Adr", 31 0, o0x7fd782a143e8;  alias, 0 drivers
v0x5572222b0dc0_0 .net "AdrSrc", 0 0, L_0x5572222c6330;  alias, 1 drivers
v0x5572222b0e60_0 .net "IRWrite", 0 0, L_0x5572222c6290;  alias, 1 drivers
v0x5572222b0f00_0 .net "ImmSrc", 1 0, L_0x5572222c6a40;  alias, 1 drivers
v0x5572222b1010_0 .net "Instr", 31 0, o0x7fd782a14418;  alias, 0 drivers
v0x5572222b1180_0 .net "PCWrite", 0 0, o0x7fd782a13338;  alias, 0 drivers
v0x5572222b1220_0 .net "ReadData", 31 0, L_0x5572222c8650;  alias, 1 drivers
v0x5572222b1300_0 .net "RegSrc", 1 0, L_0x5572222c6be0;  alias, 1 drivers
v0x5572222b1410_0 .net "RegWrite", 0 0, L_0x5572222c7f60;  alias, 1 drivers
v0x5572222b1500_0 .net "ResultSrc", 1 0, L_0x5572222c6410;  alias, 1 drivers
v0x5572222b15c0_0 .net "WriteData", 31 0, o0x7fd782a14478;  alias, 0 drivers
v0x5572222b16a0_0 .net "clk", 0 0, o0x7fd782a12d68;  alias, 0 drivers
v0x5572222b1740_0 .net "reset", 0 0, o0x7fd782a12e28;  alias, 0 drivers
S_0x5572222b2df0 .scope module, "mem" "mem" 4 25, 8 1 0, S_0x557222221440;
 .timescale 0 0;
    .port_info 0 /INPUT 1 "clk"
    .port_info 1 /INPUT 1 "we"
    .port_info 2 /INPUT 32 "a"
    .port_info 3 /INPUT 32 "wd"
    .port_info 4 /OUTPUT 32 "rd"
L_0x5572222c8650 .functor BUFZ 32, L_0x5572222c8480, C4<00000000000000000000000000000000>, C4<00000000000000000000000000000000>, C4<00000000000000000000000000000000>;
v0x5572222b2fb0 .array "RAM", 0 63, 31 0;
v0x5572222b3090_0 .net *"_s0", 31 0, L_0x5572222c8480;  1 drivers
v0x5572222b3170_0 .net *"_s3", 29 0, L_0x5572222c8520;  1 drivers
v0x5572222b3230_0 .net "a", 31 0, o0x7fd782a143e8;  alias, 0 drivers
v0x5572222b32f0_0 .net "clk", 0 0, o0x7fd782a12d68;  alias, 0 drivers
v0x5572222b3390_0 .net "rd", 31 0, L_0x5572222c8650;  alias, 1 drivers
v0x5572222b3450_0 .net "wd", 31 0, o0x7fd782a14478;  alias, 0 drivers
v0x5572222b3560_0 .net "we", 0 0, L_0x5572222c8060;  alias, 1 drivers
E_0x55722222f6c0 .event posedge, v0x5572222a9760_0;
L_0x5572222c8480 .array/port v0x5572222b2fb0, L_0x5572222c8520;
L_0x5572222c8520 .part o0x7fd782a143e8, 2, 30;
    .scope S_0x557222285b00;
T_0 ;
    %wait E_0x55722222f3f0;
    %load/vec4 v0x55722227e290_0;
    %dup/vec4;
    %pushi/vec4 0, 1, 2;
    %cmp/x;
    %jmp/1 T_0.0, 4;
    %dup/vec4;
    %pushi/vec4 2, 0, 2;
    %cmp/x;
    %jmp/1 T_0.1, 4;
    %dup/vec4;
    %pushi/vec4 3, 0, 2;
    %cmp/x;
    %jmp/1 T_0.2, 4;
    %jmp T_0.3;
T_0.0 ;
    %load/vec4 v0x5572222a78f0_0;
    %pad/u 32;
    %store/vec4 v0x55722227cbe0_0, 0, 32;
    %jmp T_0.3;
T_0.1 ;
    %load/vec4 v0x5572222a74f0_0;
    %load/vec4 v0x5572222a75d0_0;
    %and;
    %store/vec4 v0x55722227cbe0_0, 0, 32;
    %jmp T_0.3;
T_0.2 ;
    %load/vec4 v0x5572222a74f0_0;
    %load/vec4 v0x5572222a75d0_0;
    %or;
    %store/vec4 v0x55722227cbe0_0, 0, 32;
    %jmp T_0.3;
T_0.3 ;
    %pop/vec4 1;
    %jmp T_0;
    .thread T_0, $push;
    .scope S_0x5572222abda0;
T_1 ;
    %wait E_0x5572221f7b10;
    %load/vec4 v0x5572222ad6b0_0;
    %flag_set/vec4 8;
    %jmp/0xz  T_1.0, 8;
    %pushi/vec4 0, 0, 4;
    %assign/vec4 v0x5572222ad860_0, 0;
    %jmp T_1.1;
T_1.0 ;
    %load/vec4 v0x5572222ad5d0_0;
    %assign/vec4 v0x5572222ad860_0, 0;
T_1.1 ;
    %jmp T_1;
    .thread T_1;
    .scope S_0x5572222abda0;
T_2 ;
    %wait E_0x5572222ac950;
    %load/vec4 v0x5572222ad860_0;
    %dup/vec4;
    %pushi/vec4 0, 0, 4;
    %cmp/x;
    %jmp/1 T_2.0, 4;
    %dup/vec4;
    %pushi/vec4 1, 0, 4;
    %cmp/x;
    %jmp/1 T_2.1, 4;
    %dup/vec4;
    %pushi/vec4 6, 0, 4;
    %cmp/x;
    %jmp/1 T_2.2, 4;
    %dup/vec4;
    %pushi/vec4 7, 0, 4;
    %cmp/x;
    %jmp/1 T_2.3, 4;
    %dup/vec4;
    %pushi/vec4 2, 0, 4;
    %cmp/x;
    %jmp/1 T_2.4, 4;
    %dup/vec4;
    %pushi/vec4 3, 0, 4;
    %cmp/x;
    %jmp/1 T_2.5, 4;
    %pushi/vec4 0, 0, 4;
    %store/vec4 v0x5572222ad5d0_0, 0, 4;
    %jmp T_2.7;
T_2.0 ;
    %pushi/vec4 1, 0, 4;
    %store/vec4 v0x5572222ad5d0_0, 0, 4;
    %jmp T_2.7;
T_2.1 ;
    %load/vec4 v0x5572222ad140_0;
    %dup/vec4;
    %pushi/vec4 0, 0, 2;
    %cmp/u;
    %jmp/1 T_2.8, 6;
    %dup/vec4;
    %pushi/vec4 1, 0, 2;
    %cmp/u;
    %jmp/1 T_2.9, 6;
    %dup/vec4;
    %pushi/vec4 2, 0, 2;
    %cmp/u;
    %jmp/1 T_2.10, 6;
    %pushi/vec4 10, 0, 4;
    %store/vec4 v0x5572222ad5d0_0, 0, 4;
    %jmp T_2.12;
T_2.8 ;
    %load/vec4 v0x5572222ace30_0;
    %parti/s 1, 5, 4;
    %flag_set/vec4 8;
    %jmp/0xz  T_2.13, 8;
    %pushi/vec4 7, 0, 4;
    %store/vec4 v0x5572222ad5d0_0, 0, 4;
    %jmp T_2.14;
T_2.13 ;
    %pushi/vec4 6, 0, 4;
    %store/vec4 v0x5572222ad5d0_0, 0, 4;
T_2.14 ;
    %jmp T_2.12;
T_2.9 ;
    %pushi/vec4 2, 0, 4;
    %store/vec4 v0x5572222ad5d0_0, 0, 4;
    %jmp T_2.12;
T_2.10 ;
    %pushi/vec4 9, 0, 4;
    %store/vec4 v0x5572222ad5d0_0, 0, 4;
    %jmp T_2.12;
T_2.12 ;
    %pop/vec4 1;
    %jmp T_2.7;
T_2.2 ;
    %pushi/vec4 8, 0, 4;
    %store/vec4 v0x5572222ad5d0_0, 0, 4;
    %jmp T_2.7;
T_2.3 ;
    %pushi/vec4 8, 0, 4;
    %store/vec4 v0x5572222ad5d0_0, 0, 4;
    %jmp T_2.7;
T_2.4 ;
    %load/vec4 v0x5572222ace30_0;
    %parti/s 1, 0, 2;
    %flag_set/vec4 8;
    %jmp/0xz  T_2.15, 8;
    %pushi/vec4 3, 0, 4;
    %store/vec4 v0x5572222ad5d0_0, 0, 4;
    %jmp T_2.16;
T_2.15 ;
    %pushi/vec4 5, 0, 4;
    %store/vec4 v0x5572222ad5d0_0, 0, 4;
T_2.16 ;
    %jmp T_2.7;
T_2.5 ;
    %pushi/vec4 4, 0, 4;
    %store/vec4 v0x5572222ad5d0_0, 0, 4;
    %jmp T_2.7;
T_2.7 ;
    %pop/vec4 1;
    %jmp T_2;
    .thread T_2, $push;
    .scope S_0x5572222abda0;
T_3 ;
    %wait E_0x55722228f130;
    %load/vec4 v0x5572222ad860_0;
    %dup/vec4;
    %pushi/vec4 0, 0, 4;
    %cmp/u;
    %jmp/1 T_3.0, 6;
    %dup/vec4;
    %pushi/vec4 1, 0, 4;
    %cmp/u;
    %jmp/1 T_3.1, 6;
    %dup/vec4;
    %pushi/vec4 6, 0, 4;
    %cmp/u;
    %jmp/1 T_3.2, 6;
    %dup/vec4;
    %pushi/vec4 7, 0, 4;
    %cmp/u;
    %jmp/1 T_3.3, 6;
    %dup/vec4;
    %pushi/vec4 8, 0, 4;
    %cmp/u;
    %jmp/1 T_3.4, 6;
    %dup/vec4;
    %pushi/vec4 2, 0, 4;
    %cmp/u;
    %jmp/1 T_3.5, 6;
    %dup/vec4;
    %pushi/vec4 5, 0, 4;
    %cmp/u;
    %jmp/1 T_3.6, 6;
    %dup/vec4;
    %pushi/vec4 3, 0, 4;
    %cmp/u;
    %jmp/1 T_3.7, 6;
    %dup/vec4;
    %pushi/vec4 4, 0, 4;
    %cmp/u;
    %jmp/1 T_3.8, 6;
    %dup/vec4;
    %pushi/vec4 9, 0, 4;
    %cmp/u;
    %jmp/1 T_3.9, 6;
    %pushi/vec4 8191, 8191, 13;
    %store/vec4 v0x5572222ad4f0_0, 0, 13;
    %jmp T_3.11;
T_3.0 ;
    %pushi/vec4 4428, 0, 13;
    %store/vec4 v0x5572222ad4f0_0, 0, 13;
    %jmp T_3.11;
T_3.1 ;
    %pushi/vec4 76, 0, 13;
    %store/vec4 v0x5572222ad4f0_0, 0, 13;
    %jmp T_3.11;
T_3.2 ;
    %pushi/vec4 1, 0, 13;
    %store/vec4 v0x5572222ad4f0_0, 0, 13;
    %jmp T_3.11;
T_3.3 ;
    %pushi/vec4 3, 0, 13;
    %store/vec4 v0x5572222ad4f0_0, 0, 13;
    %jmp T_3.11;
T_3.4 ;
    %pushi/vec4 512, 0, 13;
    %store/vec4 v0x5572222ad4f0_0, 0, 13;
    %jmp T_3.11;
T_3.5 ;
    %pushi/vec4 2, 0, 13;
    %store/vec4 v0x5572222ad4f0_0, 0, 13;
    %jmp T_3.11;
T_3.6 ;
    %pushi/vec4 1152, 0, 13;
    %store/vec4 v0x5572222ad4f0_0, 0, 13;
    %jmp T_3.11;
T_3.7 ;
    %pushi/vec4 128, 0, 13;
    %store/vec4 v0x5572222ad4f0_0, 0, 13;
    %jmp T_3.11;
T_3.8 ;
    %pushi/vec4 544, 0, 13;
    %store/vec4 v0x5572222ad4f0_0, 0, 13;
    %jmp T_3.11;
T_3.9 ;
    %pushi/vec4 2114, 0, 13;
    %store/vec4 v0x5572222ad4f0_0, 0, 13;
    %jmp T_3.11;
T_3.11 ;
    %pop/vec4 1;
    %jmp T_3;
    .thread T_3, $push;
    .scope S_0x5572222ab980;
T_4 ;
    %wait E_0x55722228ed20;
    %load/vec4 v0x5572222adc80_0;
    %flag_set/vec4 8;
    %jmp/0xz  T_4.0, 8;
    %load/vec4 v0x5572222ae180_0;
    %parti/s 4, 1, 2;
    %dup/vec4;
    %pushi/vec4 4, 0, 4;
    %cmp/u;
    %jmp/1 T_4.2, 6;
    %dup/vec4;
    %pushi/vec4 2, 0, 4;
    %cmp/u;
    %jmp/1 T_4.3, 6;
    %dup/vec4;
    %pushi/vec4 0, 0, 4;
    %cmp/u;
    %jmp/1 T_4.4, 6;
    %dup/vec4;
    %pushi/vec4 12, 0, 4;
    %cmp/u;
    %jmp/1 T_4.5, 6;
    %pushi/vec4 3, 3, 2;
    %store/vec4 v0x5572222adb80_0, 0, 2;
    %jmp T_4.7;
T_4.2 ;
    %pushi/vec4 0, 0, 2;
    %store/vec4 v0x5572222adb80_0, 0, 2;
    %jmp T_4.7;
T_4.3 ;
    %pushi/vec4 1, 0, 2;
    %store/vec4 v0x5572222adb80_0, 0, 2;
    %jmp T_4.7;
T_4.4 ;
    %pushi/vec4 2, 0, 2;
    %store/vec4 v0x5572222adb80_0, 0, 2;
    %jmp T_4.7;
T_4.5 ;
    %pushi/vec4 3, 0, 2;
    %store/vec4 v0x5572222adb80_0, 0, 2;
    %jmp T_4.7;
T_4.7 ;
    %pop/vec4 1;
    %load/vec4 v0x5572222ae180_0;
    %parti/s 1, 0, 2;
    %ix/load 4, 1, 0;
    %flag_set/imm 4, 0;
    %store/vec4 v0x5572222ae0b0_0, 4, 1;
    %load/vec4 v0x5572222ae180_0;
    %parti/s 1, 0, 2;
    %load/vec4 v0x5572222adb80_0;
    %pushi/vec4 0, 0, 2;
    %cmp/e;
    %flag_get/vec4 4;
    %load/vec4 v0x5572222adb80_0;
    %pushi/vec4 1, 0, 2;
    %cmp/e;
    %flag_get/vec4 4;
    %or;
    %and;
    %ix/load 4, 0, 0;
    %flag_set/imm 4, 0;
    %store/vec4 v0x5572222ae0b0_0, 4, 1;
    %jmp T_4.1;
T_4.0 ;
    %pushi/vec4 0, 0, 2;
    %store/vec4 v0x5572222adb80_0, 0, 2;
    %pushi/vec4 0, 0, 2;
    %store/vec4 v0x5572222ae0b0_0, 0, 2;
T_4.1 ;
    %jmp T_4;
    .thread T_4, $push;
    .scope S_0x5572222aa340;
T_5 ;
    %wait E_0x5572221f7b10;
    %load/vec4 v0x5572222aa890_0;
    %flag_set/vec4 8;
    %jmp/0xz  T_5.0, 8;
    %pushi/vec4 0, 0, 2;
    %assign/vec4 v0x5572222aa7d0_0, 0;
    %jmp T_5.1;
T_5.0 ;
    %load/vec4 v0x5572222aa6f0_0;
    %assign/vec4 v0x5572222aa7d0_0, 0;
T_5.1 ;
    %jmp T_5;
    .thread T_5;
    .scope S_0x5572222a9c50;
T_6 ;
    %wait E_0x5572221f7b10;
    %load/vec4 v0x5572222aa1a0_0;
    %flag_set/vec4 8;
    %jmp/0xz  T_6.0, 8;
    %pushi/vec4 0, 0, 2;
    %assign/vec4 v0x5572222aa0c0_0, 0;
    %jmp T_6.1;
T_6.0 ;
    %load/vec4 v0x5572222aa020_0;
    %flag_set/vec4 8;
    %jmp/0xz  T_6.2, 8;
    %load/vec4 v0x5572222a9f60_0;
    %assign/vec4 v0x5572222aa0c0_0, 0;
T_6.2 ;
T_6.1 ;
    %jmp T_6;
    .thread T_6;
    .scope S_0x5572222a9520;
T_7 ;
    %wait E_0x5572221f7b10;
    %load/vec4 v0x5572222a9aa0_0;
    %flag_set/vec4 8;
    %jmp/0xz  T_7.0, 8;
    %pushi/vec4 0, 0, 2;
    %assign/vec4 v0x5572222a99c0_0, 0;
    %jmp T_7.1;
T_7.0 ;
    %load/vec4 v0x5572222a9920_0;
    %flag_set/vec4 8;
    %jmp/0xz  T_7.2, 8;
    %load/vec4 v0x5572222a9840_0;
    %assign/vec4 v0x5572222a99c0_0, 0;
T_7.2 ;
T_7.1 ;
    %jmp T_7;
    .thread T_7;
    .scope S_0x5572222a8a70;
T_8 ;
    %wait E_0x55722222f190;
    %load/vec4 v0x5572222a8d30_0;
    %dup/vec4;
    %pushi/vec4 0, 0, 4;
    %cmp/u;
    %jmp/1 T_8.0, 6;
    %dup/vec4;
    %pushi/vec4 1, 0, 4;
    %cmp/u;
    %jmp/1 T_8.1, 6;
    %dup/vec4;
    %pushi/vec4 2, 0, 4;
    %cmp/u;
    %jmp/1 T_8.2, 6;
    %dup/vec4;
    %pushi/vec4 3, 0, 4;
    %cmp/u;
    %jmp/1 T_8.3, 6;
    %dup/vec4;
    %pushi/vec4 4, 0, 4;
    %cmp/u;
    %jmp/1 T_8.4, 6;
    %dup/vec4;
    %pushi/vec4 5, 0, 4;
    %cmp/u;
    %jmp/1 T_8.5, 6;
    %dup/vec4;
    %pushi/vec4 6, 0, 4;
    %cmp/u;
    %jmp/1 T_8.6, 6;
    %dup/vec4;
    %pushi/vec4 7, 0, 4;
    %cmp/u;
    %jmp/1 T_8.7, 6;
    %dup/vec4;
    %pushi/vec4 8, 0, 4;
    %cmp/u;
    %jmp/1 T_8.8, 6;
    %dup/vec4;
    %pushi/vec4 9, 0, 4;
    %cmp/u;
    %jmp/1 T_8.9, 6;
    %dup/vec4;
    %pushi/vec4 10, 0, 4;
    %cmp/u;
    %jmp/1 T_8.10, 6;
    %dup/vec4;
    %pushi/vec4 11, 0, 4;
    %cmp/u;
    %jmp/1 T_8.11, 6;
    %dup/vec4;
    %pushi/vec4 12, 0, 4;
    %cmp/u;
    %jmp/1 T_8.12, 6;
    %dup/vec4;
    %pushi/vec4 13, 0, 4;
    %cmp/u;
    %jmp/1 T_8.13, 6;
    %dup/vec4;
    %pushi/vec4 14, 0, 4;
    %cmp/u;
    %jmp/1 T_8.14, 6;
    %pushi/vec4 1, 1, 1;
    %store/vec4 v0x5572222a8e30_0, 0, 1;
    %jmp T_8.16;
T_8.0 ;
    %load/vec4 v0x5572222a93e0_0;
    %store/vec4 v0x5572222a8e30_0, 0, 1;
    %jmp T_8.16;
T_8.1 ;
    %load/vec4 v0x5572222a93e0_0;
    %inv;
    %store/vec4 v0x5572222a8e30_0, 0, 1;
    %jmp T_8.16;
T_8.2 ;
    %load/vec4 v0x5572222a9090_0;
    %store/vec4 v0x5572222a8e30_0, 0, 1;
    %jmp T_8.16;
T_8.3 ;
    %load/vec4 v0x5572222a9090_0;
    %inv;
    %store/vec4 v0x5572222a8e30_0, 0, 1;
    %jmp T_8.16;
T_8.4 ;
    %load/vec4 v0x5572222a9260_0;
    %store/vec4 v0x5572222a8e30_0, 0, 1;
    %jmp T_8.16;
T_8.5 ;
    %load/vec4 v0x5572222a9260_0;
    %inv;
    %store/vec4 v0x5572222a8e30_0, 0, 1;
    %jmp T_8.16;
T_8.6 ;
    %load/vec4 v0x5572222a9320_0;
    %store/vec4 v0x5572222a8e30_0, 0, 1;
    %jmp T_8.16;
T_8.7 ;
    %load/vec4 v0x5572222a9320_0;
    %inv;
    %store/vec4 v0x5572222a8e30_0, 0, 1;
    %jmp T_8.16;
T_8.8 ;
    %load/vec4 v0x5572222a9090_0;
    %load/vec4 v0x5572222a93e0_0;
    %inv;
    %and;
    %store/vec4 v0x5572222a8e30_0, 0, 1;
    %jmp T_8.16;
T_8.9 ;
    %load/vec4 v0x5572222a9090_0;
    %load/vec4 v0x5572222a93e0_0;
    %inv;
    %and;
    %inv;
    %store/vec4 v0x5572222a8e30_0, 0, 1;
    %jmp T_8.16;
T_8.10 ;
    %load/vec4 v0x5572222a91a0_0;
    %store/vec4 v0x5572222a8e30_0, 0, 1;
    %jmp T_8.16;
T_8.11 ;
    %load/vec4 v0x5572222a91a0_0;
    %inv;
    %store/vec4 v0x5572222a8e30_0, 0, 1;
    %jmp T_8.16;
T_8.12 ;
    %load/vec4 v0x5572222a93e0_0;
    %inv;
    %load/vec4 v0x5572222a91a0_0;
    %and;
    %store/vec4 v0x5572222a8e30_0, 0, 1;
    %jmp T_8.16;
T_8.13 ;
    %load/vec4 v0x5572222a93e0_0;
    %inv;
    %load/vec4 v0x5572222a91a0_0;
    %and;
    %inv;
    %store/vec4 v0x5572222a8e30_0, 0, 1;
    %jmp T_8.16;
T_8.14 ;
    %pushi/vec4 1, 0, 1;
    %store/vec4 v0x5572222a8e30_0, 0, 1;
    %jmp T_8.16;
T_8.16 ;
    %pop/vec4 1;
    %jmp T_8;
    .thread T_8, $push;
    .scope S_0x5572222b2df0;
T_9 ;
    %vpi_call 8 14 "$readmemh", "memfile.dat", v0x5572222b2fb0 {0 0 0};
    %end;
    .thread T_9;
    .scope S_0x5572222b2df0;
T_10 ;
    %wait E_0x55722222f6c0;
    %load/vec4 v0x5572222b3560_0;
    %flag_set/vec4 8;
    %jmp/0xz  T_10.0, 8;
    %load/vec4 v0x5572222b3450_0;
    %load/vec4 v0x5572222b3230_0;
    %parti/s 30, 2, 3;
    %ix/vec4 3;
    %ix/load 4, 0, 0; Constant delay
    %assign/vec4/a/d v0x5572222b2fb0, 0, 4;
T_10.0 ;
    %jmp T_10;
    .thread T_10;
# The file index is used to find the file name in the following table.
:file_names 9;
    "N/A";
    "<interactive>";
    "alu.v";
    "datapath.v";
    "arm.v";
    "arm_multi.v";
    "controller.v";
    "main_fsm.v";
    "mem.v";
